<?xml version="1.0" encoding="UTF-8"?>
<logger class="org.jpos.util.DailyLogListener">
<log realm="org.jpos.q2.qbean.SystemMonitor" at="Tue Dec 15 00:46:11 CST 2015.516">
  <info>
               OS: Windows 7
             host: user-PC/127.0.0.1
          version: 1.9.8 (baae23b)
         instance: a97af7d9-4d93-4da9-b195-476dc0b4d881
           uptime: 07:54:08.067
       processors: 4
           drift : 21247054
    memory(t/u/f): 119/24/94
          threads: 6
            Thread[Reference Handler,10,system]
            Thread[Finalizer,8,system]
            Thread[Signal Dispatcher,9,system]
            Thread[Attach Listener,5,system]
            Thread[Q2-a97af7d9-4d93-4da9-b195-476dc0b4d881,5,main]
            Thread[DestroyJavaVM,5,main]
            Thread[pool-1-thread-1,5,main]
            Thread[Timer-0,5,main]
            Thread[SystemMonitor,5,main]
            Thread[DailyLogListener-Compressor,5,main]
         encoding: GBK
    name-registrar:
      logger.Q2: org.jpos.util.Logger
      logger.Q2.buffered: org.jpos.util.BufferedLogListener
  </info>
</log>
<log realm="org.jpos.q2.qbean.SystemMonitor" at="Tue Dec 15 09:30:47 CST 2015.527">
  <info>
               OS: Windows 7
             host: user-PC/127.0.0.1
          version: 1.9.8 (baae23b)
         instance: a97af7d9-4d93-4da9-b195-476dc0b4d881
           uptime: 16:38:45.269
       processors: 4
           drift : 27875896
    memory(t/u/f): 119/24/94
          threads: 5
            Thread[Reference Handler,10,system]
            Thread[Finalizer,8,system]
            Thread[Signal Dispatcher,9,system]
            Thread[Attach Listener,5,system]
            Thread[Q2-a97af7d9-4d93-4da9-b195-476dc0b4d881,5,main]
            Thread[DestroyJavaVM,5,main]
            Thread[pool-1-thread-1,5,main]
            Thread[Timer-0,5,main]
            Thread[SystemMonitor,5,main]
         encoding: GBK
    name-registrar:
      logger.Q2: org.jpos.util.Logger
      logger.Q2.buffered: org.jpos.util.BufferedLogListener
  </info>
</log>
<log realm="Q2.system" at="Tue Dec 15 09:36:15 CST 2015.218" lifespan="4ms">
  <version>
    jPOS 1.9.8 master/baae23b (2014-08-10 15:13:59 UYT)
jpos-sample 1.0.0 unknown/unknown (2015-12-14 16:51:49 CST)

-----BEGIN PGP SIGNED MESSAGE-----
Hash: SHA1

jPOS Community Edition, licensed under GNU AGPL v3.0.
This software is probably not suitable for commercial use.
Please see http://jpos.org/license for details.

-----BEGIN PGP SIGNATURE-----
Version: GnuPG v1.4.9 (Darwin)

iQEcBAEBAgAGBQJMolHDAAoJEOQyeO71nYtFv74H/3OgehDGEy1VXp2U3/GcAobg
HH2eZjPUz53r38ARPiU3pzm9LwDa3WZgJJaa/b9VrJwKvbPwe9+0kY3gScDE1skT
ladHt+KHHmGQArEutkzHlpZa73RbroFEIa1qmN6MaDEHGoxZqDh0Sv2cpvOaVYGO
St8ZaddLBPC17bSjAPWo9sWbvL7FgPFOHhnPmbeux8SLtnfWxXWsgo5hLBanKmO1
1z+I/w/6DL6ZYZU6bAJUk+eyVVImJqw0x3IEElI07Nh9MC6BA4iJ77ejobj8HI2r
q9ulRPEqH9NR79619lNKVUkE206dVlXo7xHmJS1QZy5v/GT66xBxyDVfTduPFXk=
=oP+v
-----END PGP SIGNATURE-----

  </version>
</log>
<log realm="org.jpos.q2.qbean.SystemMonitor" at="Tue Dec 15 10:30:52 CST 2015.736">
  <info>
               OS: Windows 7
             host: user-PC/192.168.4.123
          version: 1.9.8 (baae23b)
         instance: a97af7d9-4d93-4da9-b195-476dc0b4d881
           uptime: 17:38:49.187
       processors: 4
           drift : 2
    memory(t/u/f): 119/29/89
          threads: 5
            Thread[Reference Handler,10,system]
            Thread[Finalizer,8,system]
            Thread[Signal Dispatcher,9,system]
            Thread[Attach Listener,5,system]
            Thread[Q2-a97af7d9-4d93-4da9-b195-476dc0b4d881,5,main]
            Thread[DestroyJavaVM,5,main]
            Thread[pool-1-thread-1,5,main]
            Thread[Timer-0,5,main]
            Thread[SystemMonitor,5,main]
         encoding: GBK
    name-registrar:
      logger.Q2: org.jpos.util.Logger
      logger.Q2.buffered: org.jpos.util.BufferedLogListener
  </info>
</log>
<log realm="Q2.system" at="Tue Dec 15 10:36:16 CST 2015.159" lifespan="14ms">
  <version>
    jPOS 1.9.8 master/baae23b (2014-08-10 15:13:59 UYT)
jpos-sample 1.0.0 unknown/unknown (2015-12-14 16:51:49 CST)

-----BEGIN PGP SIGNED MESSAGE-----
Hash: SHA1

jPOS Community Edition, licensed under GNU AGPL v3.0.
This software is probably not suitable for commercial use.
Please see http://jpos.org/license for details.

-----BEGIN PGP SIGNATURE-----
Version: GnuPG v1.4.9 (Darwin)

iQEcBAEBAgAGBQJMolHDAAoJEOQyeO71nYtFv74H/3OgehDGEy1VXp2U3/GcAobg
HH2eZjPUz53r38ARPiU3pzm9LwDa3WZgJJaa/b9VrJwKvbPwe9+0kY3gScDE1skT
ladHt+KHHmGQArEutkzHlpZa73RbroFEIa1qmN6MaDEHGoxZqDh0Sv2cpvOaVYGO
St8ZaddLBPC17bSjAPWo9sWbvL7FgPFOHhnPmbeux8SLtnfWxXWsgo5hLBanKmO1
1z+I/w/6DL6ZYZU6bAJUk+eyVVImJqw0x3IEElI07Nh9MC6BA4iJ77ejobj8HI2r
q9ulRPEqH9NR79619lNKVUkE206dVlXo7xHmJS1QZy5v/GT66xBxyDVfTduPFXk=
=oP+v
-----END PGP SIGNATURE-----

  </version>
</log>
<log realm="org.jpos.q2.qbean.SystemMonitor" at="Tue Dec 15 11:30:52 CST 2015.741">
  <info>
               OS: Windows 7
             host: user-PC/192.168.4.123
          version: 1.9.8 (baae23b)
         instance: a97af7d9-4d93-4da9-b195-476dc0b4d881
           uptime: 18:38:49.196
       processors: 4
           drift : 1
    memory(t/u/f): 119/35/83
          threads: 5
            Thread[Reference Handler,10,system]
            Thread[Finalizer,8,system]
            Thread[Signal Dispatcher,9,system]
            Thread[Attach Listener,5,system]
            Thread[Q2-a97af7d9-4d93-4da9-b195-476dc0b4d881,5,main]
            Thread[DestroyJavaVM,5,main]
            Thread[pool-1-thread-1,5,main]
            Thread[Timer-0,5,main]
            Thread[SystemMonitor,5,main]
         encoding: GBK
    name-registrar:
      logger.Q2: org.jpos.util.Logger
      logger.Q2.buffered: org.jpos.util.BufferedLogListener
  </info>
</log>
<log realm="Q2.system" at="Tue Dec 15 11:36:16 CST 2015.656" lifespan="13ms">
  <version>
    jPOS 1.9.8 master/baae23b (2014-08-10 15:13:59 UYT)
jpos-sample 1.0.0 unknown/unknown (2015-12-14 16:51:49 CST)

-----BEGIN PGP SIGNED MESSAGE-----
Hash: SHA1

jPOS Community Edition, licensed under GNU AGPL v3.0.
This software is probably not suitable for commercial use.
Please see http://jpos.org/license for details.

-----BEGIN PGP SIGNATURE-----
Version: GnuPG v1.4.9 (Darwin)

iQEcBAEBAgAGBQJMolHDAAoJEOQyeO71nYtFv74H/3OgehDGEy1VXp2U3/GcAobg
HH2eZjPUz53r38ARPiU3pzm9LwDa3WZgJJaa/b9VrJwKvbPwe9+0kY3gScDE1skT
ladHt+KHHmGQArEutkzHlpZa73RbroFEIa1qmN6MaDEHGoxZqDh0Sv2cpvOaVYGO
St8ZaddLBPC17bSjAPWo9sWbvL7FgPFOHhnPmbeux8SLtnfWxXWsgo5hLBanKmO1
1z+I/w/6DL6ZYZU6bAJUk+eyVVImJqw0x3IEElI07Nh9MC6BA4iJ77ejobj8HI2r
q9ulRPEqH9NR79619lNKVUkE206dVlXo7xHmJS1QZy5v/GT66xBxyDVfTduPFXk=
=oP+v
-----END PGP SIGNATURE-----

  </version>
</log>
<log realm="org.jpos.q2.qbean.SystemMonitor" at="Tue Dec 15 12:30:52 CST 2015.754">
  <info>
               OS: Windows 7
             host: user-PC/192.168.4.123
          version: 1.9.8 (baae23b)
         instance: a97af7d9-4d93-4da9-b195-476dc0b4d881
           uptime: 19:38:49.208
       processors: 4
           drift : 1
    memory(t/u/f): 119/8/110
          threads: 5
            Thread[Reference Handler,10,system]
            Thread[Finalizer,8,system]
            Thread[Signal Dispatcher,9,system]
            Thread[Attach Listener,5,system]
            Thread[Q2-a97af7d9-4d93-4da9-b195-476dc0b4d881,5,main]
            Thread[DestroyJavaVM,5,main]
            Thread[pool-1-thread-1,5,main]
            Thread[Timer-0,5,main]
            Thread[SystemMonitor,5,main]
         encoding: GBK
    name-registrar:
      logger.Q2: org.jpos.util.Logger
      logger.Q2.buffered: org.jpos.util.BufferedLogListener
  </info>
</log>
<log realm="Q2.system" at="Tue Dec 15 12:36:17 CST 2015.167" lifespan="13ms">
  <version>
    jPOS 1.9.8 master/baae23b (2014-08-10 15:13:59 UYT)
jpos-sample 1.0.0 unknown/unknown (2015-12-14 16:51:49 CST)

-----BEGIN PGP SIGNED MESSAGE-----
Hash: SHA1

jPOS Community Edition, licensed under GNU AGPL v3.0.
This software is probably not suitable for commercial use.
Please see http://jpos.org/license for details.

-----BEGIN PGP SIGNATURE-----
Version: GnuPG v1.4.9 (Darwin)

iQEcBAEBAgAGBQJMolHDAAoJEOQyeO71nYtFv74H/3OgehDGEy1VXp2U3/GcAobg
HH2eZjPUz53r38ARPiU3pzm9LwDa3WZgJJaa/b9VrJwKvbPwe9+0kY3gScDE1skT
ladHt+KHHmGQArEutkzHlpZa73RbroFEIa1qmN6MaDEHGoxZqDh0Sv2cpvOaVYGO
St8ZaddLBPC17bSjAPWo9sWbvL7FgPFOHhnPmbeux8SLtnfWxXWsgo5hLBanKmO1
1z+I/w/6DL6ZYZU6bAJUk+eyVVImJqw0x3IEElI07Nh9MC6BA4iJ77ejobj8HI2r
q9ulRPEqH9NR79619lNKVUkE206dVlXo7xHmJS1QZy5v/GT66xBxyDVfTduPFXk=
=oP+v
-----END PGP SIGNATURE-----

  </version>
</log>
<log realm="org.jpos.q2.qbean.SystemMonitor" at="Tue Dec 15 13:30:52 CST 2015.763">
  <info>
               OS: Windows 7
             host: user-PC/192.168.4.123
          version: 1.9.8 (baae23b)
         instance: a97af7d9-4d93-4da9-b195-476dc0b4d881
           uptime: 20:38:49.217
       processors: 4
           drift : 0
    memory(t/u/f): 119/13/105
          threads: 5
            Thread[Reference Handler,10,system]
            Thread[Finalizer,8,system]
            Thread[Signal Dispatcher,9,system]
            Thread[Attach Listener,5,system]
            Thread[Q2-a97af7d9-4d93-4da9-b195-476dc0b4d881,5,main]
            Thread[DestroyJavaVM,5,main]
            Thread[pool-1-thread-1,5,main]
            Thread[Timer-0,5,main]
            Thread[SystemMonitor,5,main]
         encoding: GBK
    name-registrar:
      logger.Q2: org.jpos.util.Logger
      logger.Q2.buffered: org.jpos.util.BufferedLogListener
  </info>
</log>
<log realm="Q2.system" at="Tue Dec 15 13:36:18 CST 2015.430" lifespan="12ms">
  <version>
    jPOS 1.9.8 master/baae23b (2014-08-10 15:13:59 UYT)
jpos-sample 1.0.0 unknown/unknown (2015-12-14 16:51:49 CST)

-----BEGIN PGP SIGNED MESSAGE-----
Hash: SHA1

jPOS Community Edition, licensed under GNU AGPL v3.0.
This software is probably not suitable for commercial use.
Please see http://jpos.org/license for details.

-----BEGIN PGP SIGNATURE-----
Version: GnuPG v1.4.9 (Darwin)

iQEcBAEBAgAGBQJMolHDAAoJEOQyeO71nYtFv74H/3OgehDGEy1VXp2U3/GcAobg
HH2eZjPUz53r38ARPiU3pzm9LwDa3WZgJJaa/b9VrJwKvbPwe9+0kY3gScDE1skT
ladHt+KHHmGQArEutkzHlpZa73RbroFEIa1qmN6MaDEHGoxZqDh0Sv2cpvOaVYGO
St8ZaddLBPC17bSjAPWo9sWbvL7FgPFOHhnPmbeux8SLtnfWxXWsgo5hLBanKmO1
1z+I/w/6DL6ZYZU6bAJUk+eyVVImJqw0x3IEElI07Nh9MC6BA4iJ77ejobj8HI2r
q9ulRPEqH9NR79619lNKVUkE206dVlXo7xHmJS1QZy5v/GT66xBxyDVfTduPFXk=
=oP+v
-----END PGP SIGNATURE-----

  </version>
</log>
<log realm="org.jpos.q2.qbean.SystemMonitor" at="Tue Dec 15 14:30:52 CST 2015.773">
  <info>
               OS: Windows 7
             host: user-PC/192.168.4.123
          version: 1.9.8 (baae23b)
         instance: a97af7d9-4d93-4da9-b195-476dc0b4d881
           uptime: 21:38:49.227
       processors: 4
           drift : 1
    memory(t/u/f): 119/18/100
          threads: 5
            Thread[Reference Handler,10,system]
            Thread[Finalizer,8,system]
            Thread[Signal Dispatcher,9,system]
            Thread[Attach Listener,5,system]
            Thread[Q2-a97af7d9-4d93-4da9-b195-476dc0b4d881,5,main]
            Thread[DestroyJavaVM,5,main]
            Thread[pool-1-thread-1,5,main]
            Thread[Timer-0,5,main]
            Thread[SystemMonitor,5,main]
         encoding: GBK
    name-registrar:
      logger.Q2: org.jpos.util.Logger
      logger.Q2.buffered: org.jpos.util.BufferedLogListener
  </info>
</log>
<log realm="Q2.system" at="Tue Dec 15 14:36:19 CST 2015.170" lifespan="11ms">
  <version>
    jPOS 1.9.8 master/baae23b (2014-08-10 15:13:59 UYT)
jpos-sample 1.0.0 unknown/unknown (2015-12-14 16:51:49 CST)

-----BEGIN PGP SIGNED MESSAGE-----
Hash: SHA1

jPOS Community Edition, licensed under GNU AGPL v3.0.
This software is probably not suitable for commercial use.
Please see http://jpos.org/license for details.

-----BEGIN PGP SIGNATURE-----
Version: GnuPG v1.4.9 (Darwin)

iQEcBAEBAgAGBQJMolHDAAoJEOQyeO71nYtFv74H/3OgehDGEy1VXp2U3/GcAobg
HH2eZjPUz53r38ARPiU3pzm9LwDa3WZgJJaa/b9VrJwKvbPwe9+0kY3gScDE1skT
ladHt+KHHmGQArEutkzHlpZa73RbroFEIa1qmN6MaDEHGoxZqDh0Sv2cpvOaVYGO
St8ZaddLBPC17bSjAPWo9sWbvL7FgPFOHhnPmbeux8SLtnfWxXWsgo5hLBanKmO1
1z+I/w/6DL6ZYZU6bAJUk+eyVVImJqw0x3IEElI07Nh9MC6BA4iJ77ejobj8HI2r
q9ulRPEqH9NR79619lNKVUkE206dVlXo7xHmJS1QZy5v/GT66xBxyDVfTduPFXk=
=oP+v
-----END PGP SIGNATURE-----

  </version>
</log>
<log realm="org.jpos.q2.qbean.SystemMonitor" at="Tue Dec 15 15:30:52 CST 2015.783">
  <info>
               OS: Windows 7
             host: user-PC/192.168.4.123
          version: 1.9.8 (baae23b)
         instance: a97af7d9-4d93-4da9-b195-476dc0b4d881
           uptime: 22:38:49.235
       processors: 4
           drift : 1
    memory(t/u/f): 119/23/95
          threads: 5
            Thread[Reference Handler,10,system]
            Thread[Finalizer,8,system]
            Thread[Signal Dispatcher,9,system]
            Thread[Attach Listener,5,system]
            Thread[Q2-a97af7d9-4d93-4da9-b195-476dc0b4d881,5,main]
            Thread[DestroyJavaVM,5,main]
            Thread[pool-1-thread-1,5,main]
            Thread[Timer-0,5,main]
            Thread[SystemMonitor,5,main]
         encoding: GBK
    name-registrar:
      logger.Q2: org.jpos.util.Logger
      logger.Q2.buffered: org.jpos.util.BufferedLogListener
  </info>
</log>
<log realm="Q2.system" at="Tue Dec 15 15:36:20 CST 2015.339" lifespan="14ms">
  <version>
    jPOS 1.9.8 master/baae23b (2014-08-10 15:13:59 UYT)
jpos-sample 1.0.0 unknown/unknown (2015-12-14 16:51:49 CST)

-----BEGIN PGP SIGNED MESSAGE-----
Hash: SHA1

jPOS Community Edition, licensed under GNU AGPL v3.0.
This software is probably not suitable for commercial use.
Please see http://jpos.org/license for details.

-----BEGIN PGP SIGNATURE-----
Version: GnuPG v1.4.9 (Darwin)

iQEcBAEBAgAGBQJMolHDAAoJEOQyeO71nYtFv74H/3OgehDGEy1VXp2U3/GcAobg
HH2eZjPUz53r38ARPiU3pzm9LwDa3WZgJJaa/b9VrJwKvbPwe9+0kY3gScDE1skT
ladHt+KHHmGQArEutkzHlpZa73RbroFEIa1qmN6MaDEHGoxZqDh0Sv2cpvOaVYGO
St8ZaddLBPC17bSjAPWo9sWbvL7FgPFOHhnPmbeux8SLtnfWxXWsgo5hLBanKmO1
1z+I/w/6DL6ZYZU6bAJUk+eyVVImJqw0x3IEElI07Nh9MC6BA4iJ77ejobj8HI2r
q9ulRPEqH9NR79619lNKVUkE206dVlXo7xHmJS1QZy5v/GT66xBxyDVfTduPFXk=
=oP+v
-----END PGP SIGNATURE-----

  </version>
</log>
<log realm="org.jpos.q2.qbean.SystemMonitor" at="Tue Dec 15 16:30:52 CST 2015.801">
  <info>
               OS: Windows 7
             host: user-PC/192.168.4.123
          version: 1.9.8 (baae23b)
         instance: a97af7d9-4d93-4da9-b195-476dc0b4d881
           uptime: 23:38:49.256
       processors: 4
           drift : 1
    memory(t/u/f): 119/28/90
          threads: 5
            Thread[Reference Handler,10,system]
            Thread[Finalizer,8,system]
            Thread[Signal Dispatcher,9,system]
            Thread[Attach Listener,5,system]
            Thread[Q2-a97af7d9-4d93-4da9-b195-476dc0b4d881,5,main]
            Thread[DestroyJavaVM,5,main]
            Thread[pool-1-thread-1,5,main]
            Thread[Timer-0,5,main]
            Thread[SystemMonitor,5,main]
         encoding: GBK
    name-registrar:
      logger.Q2: org.jpos.util.Logger
      logger.Q2.buffered: org.jpos.util.BufferedLogListener
  </info>
</log>
<log realm="Q2.system" at="Tue Dec 15 16:36:21 CST 2015.301" lifespan="3ms">
  <version>
    jPOS 1.9.8 master/baae23b (2014-08-10 15:13:59 UYT)
jpos-sample 1.0.0 unknown/unknown (2015-12-14 16:51:49 CST)

-----BEGIN PGP SIGNED MESSAGE-----
Hash: SHA1

jPOS Community Edition, licensed under GNU AGPL v3.0.
This software is probably not suitable for commercial use.
Please see http://jpos.org/license for details.

-----BEGIN PGP SIGNATURE-----
Version: GnuPG v1.4.9 (Darwin)

iQEcBAEBAgAGBQJMolHDAAoJEOQyeO71nYtFv74H/3OgehDGEy1VXp2U3/GcAobg
HH2eZjPUz53r38ARPiU3pzm9LwDa3WZgJJaa/b9VrJwKvbPwe9+0kY3gScDE1skT
ladHt+KHHmGQArEutkzHlpZa73RbroFEIa1qmN6MaDEHGoxZqDh0Sv2cpvOaVYGO
St8ZaddLBPC17bSjAPWo9sWbvL7FgPFOHhnPmbeux8SLtnfWxXWsgo5hLBanKmO1
1z+I/w/6DL6ZYZU6bAJUk+eyVVImJqw0x3IEElI07Nh9MC6BA4iJ77ejobj8HI2r
q9ulRPEqH9NR79619lNKVUkE206dVlXo7xHmJS1QZy5v/GT66xBxyDVfTduPFXk=
=oP+v
-----END PGP SIGNATURE-----

  </version>
</log>
<log realm="org.jpos.q2.qbean.SystemMonitor" at="Tue Dec 15 17:30:52 CST 2015.812">
  <info>
               OS: Windows 7
             host: user-PC/192.168.4.123
          version: 1.9.8 (baae23b)
         instance: a97af7d9-4d93-4da9-b195-476dc0b4d881
           uptime: 1d 00:38:49.263
       processors: 4
           drift : 1
    memory(t/u/f): 119/33/85
          threads: 5
            Thread[Reference Handler,10,system]
            Thread[Finalizer,8,system]
            Thread[Signal Dispatcher,9,system]
            Thread[Attach Listener,5,system]
            Thread[Q2-a97af7d9-4d93-4da9-b195-476dc0b4d881,5,main]
            Thread[DestroyJavaVM,5,main]
            Thread[pool-1-thread-1,5,main]
            Thread[Timer-0,5,main]
            Thread[SystemMonitor,5,main]
         encoding: GBK
    name-registrar:
      logger.Q2: org.jpos.util.Logger
      logger.Q2.buffered: org.jpos.util.BufferedLogListener
  </info>
</log>
<log realm="Q2.system" at="Tue Dec 15 17:36:21 CST 2015.910" lifespan="11ms">
  <version>
    jPOS 1.9.8 master/baae23b (2014-08-10 15:13:59 UYT)
jpos-sample 1.0.0 unknown/unknown (2015-12-14 16:51:49 CST)

-----BEGIN PGP SIGNED MESSAGE-----
Hash: SHA1

jPOS Community Edition, licensed under GNU AGPL v3.0.
This software is probably not suitable for commercial use.
Please see http://jpos.org/license for details.

-----BEGIN PGP SIGNATURE-----
Version: GnuPG v1.4.9 (Darwin)

iQEcBAEBAgAGBQJMolHDAAoJEOQyeO71nYtFv74H/3OgehDGEy1VXp2U3/GcAobg
HH2eZjPUz53r38ARPiU3pzm9LwDa3WZgJJaa/b9VrJwKvbPwe9+0kY3gScDE1skT
ladHt+KHHmGQArEutkzHlpZa73RbroFEIa1qmN6MaDEHGoxZqDh0Sv2cpvOaVYGO
St8ZaddLBPC17bSjAPWo9sWbvL7FgPFOHhnPmbeux8SLtnfWxXWsgo5hLBanKmO1
1z+I/w/6DL6ZYZU6bAJUk+eyVVImJqw0x3IEElI07Nh9MC6BA4iJ77ejobj8HI2r
q9ulRPEqH9NR79619lNKVUkE206dVlXo7xHmJS1QZy5v/GT66xBxyDVfTduPFXk=
=oP+v
-----END PGP SIGNATURE-----

  </version>
</log>
<log realm="org.jpos.q2.qbean.SystemMonitor" at="Tue Dec 15 18:30:52 CST 2015.818">
  <info>
               OS: Windows 7
             host: user-PC/192.168.4.123
          version: 1.9.8 (baae23b)
         instance: a97af7d9-4d93-4da9-b195-476dc0b4d881
           uptime: 1d 01:38:49.270
       processors: 4
           drift : 1
    memory(t/u/f): 119/38/80
          threads: 5
            Thread[Reference Handler,10,system]
            Thread[Finalizer,8,system]
            Thread[Signal Dispatcher,9,system]
            Thread[Attach Listener,5,system]
            Thread[Q2-a97af7d9-4d93-4da9-b195-476dc0b4d881,5,main]
            Thread[DestroyJavaVM,5,main]
            Thread[pool-1-thread-1,5,main]
            Thread[Timer-0,5,main]
            Thread[SystemMonitor,5,main]
         encoding: GBK
    name-registrar:
      logger.Q2: org.jpos.util.Logger
      logger.Q2.buffered: org.jpos.util.BufferedLogListener
  </info>
</log>
<log realm="Q2.system" at="Tue Dec 15 18:36:22 CST 2015.450" lifespan="9ms">
  <version>
    jPOS 1.9.8 master/baae23b (2014-08-10 15:13:59 UYT)
jpos-sample 1.0.0 unknown/unknown (2015-12-14 16:51:49 CST)

-----BEGIN PGP SIGNED MESSAGE-----
Hash: SHA1

jPOS Community Edition, licensed under GNU AGPL v3.0.
This software is probably not suitable for commercial use.
Please see http://jpos.org/license for details.

-----BEGIN PGP SIGNATURE-----
Version: GnuPG v1.4.9 (Darwin)

iQEcBAEBAgAGBQJMolHDAAoJEOQyeO71nYtFv74H/3OgehDGEy1VXp2U3/GcAobg
HH2eZjPUz53r38ARPiU3pzm9LwDa3WZgJJaa/b9VrJwKvbPwe9+0kY3gScDE1skT
ladHt+KHHmGQArEutkzHlpZa73RbroFEIa1qmN6MaDEHGoxZqDh0Sv2cpvOaVYGO
St8ZaddLBPC17bSjAPWo9sWbvL7FgPFOHhnPmbeux8SLtnfWxXWsgo5hLBanKmO1
1z+I/w/6DL6ZYZU6bAJUk+eyVVImJqw0x3IEElI07Nh9MC6BA4iJ77ejobj8HI2r
q9ulRPEqH9NR79619lNKVUkE206dVlXo7xHmJS1QZy5v/GT66xBxyDVfTduPFXk=
=oP+v
-----END PGP SIGNATURE-----

  </version>
</log>
